<?xml version="1.0" encoding="UTF-8"?>
<!-- Generated by org.testng.reporters.JUnitReportReporter -->
<testsuite hostname="DESKTOP-623D8HK" failures="0" tests="1" name="example.NewTest" time="4.521" errors="0" timestamp="21 Aug 2022 10:28:32 GMT">
  <testcase classname="example.NewTest" name="testEasy" time="4.521"/>
</testsuite> <!-- example.NewTest -->
