<?xml version="1.0" encoding="UTF-8"?>
<!-- Generated by org.testng.reporters.JUnitReportReporter -->
<testsuite hostname="DESKTOP-623D8HK" failures="0" tests="1" name="example.NewTest" time="0.932" errors="0" timestamp="23 Aug 2022 10:54:47 GMT">
  <testcase classname="example.NewTest" name="testEasy" time="0.932"/>
</testsuite> <!-- example.NewTest -->
