<?xml version="1.0" encoding="UTF-8"?>
<!-- Generated by org.testng.reporters.JUnitReportReporter -->
<testsuite hostname="DESKTOP-623D8HK" failures="0" tests="1" name="example.NewTest" time="6.284" errors="0" timestamp="21 Aug 2022 11:26:58 GMT">
  <testcase classname="example.NewTest" name="testEasy" time="6.284"/>
</testsuite> <!-- example.NewTest -->
